<?xml version="1.0" encoding="UTF-8"?>
<!-- Generated by org.testng.reporters.JUnitXMLReporter -->
<testsuite ignored="0" hostname="Lila" failures="0" tests="7" name="Command line test" time="5.874" errors="0" timestamp="2025-08-05T21:25:05 ACST">
  <testcase classname="Tests.CurrentWeatherTest" name="testDataAccuracy" time="2.608"/>
  <testcase classname="Tests.CurrentWeatherTest" name="testInvalidApiKey" time="0.474"/>
  <testcase classname="Tests.CurrentWeatherTest" name="testMissingParameters" time="0.718"/>
  <testcase classname="Tests.CurrentWeatherTest" name="testParameterCombination" time="0.523"/>
  <testcase classname="Tests.CurrentWeatherTest" name="testResponseSchema" time="0.738"/>
  <testcase classname="Tests.CurrentWeatherTest" name="testResponseTime" time="0.379"/>
  <testcase classname="Tests.CurrentWeatherTest" name="testValidApiKey" time="0.389"/>
</testsuite> <!-- Command line test -->
