<?xml version="1.0" encoding="UTF-8" ?>
<testsuite tests="7" failures="0" name="TestSuite" time="5.836" errors="0" skipped="0">
  <properties>
[...]
</properties>
  <testcase classname="Tests.CurrentWeatherTest" name="testDataAccuracy" time="2.611"/>
  <testcase classname="Tests.CurrentWeatherTest" name="testInvalidApiKey" time="0.474"/>
  <testcase classname="Tests.CurrentWeatherTest" name="testMissingParameters" time="0.719"/>
  <testcase classname="Tests.CurrentWeatherTest" name="testParameterCombination" time="0.523"/>
  <testcase classname="Tests.CurrentWeatherTest" name="testResponseSchema" time="0.739"/>
  <testcase classname="Tests.CurrentWeatherTest" name="testResponseTime" time="0.38"/>
  <testcase classname="Tests.CurrentWeatherTest" name="testValidApiKey" time="0.39"/>
</testsuite>